2020-02-16 17:51:50 INFO  Class:30 - Start

2020-02-16 17:51:53 INFO  Class:60 - Test Start-tests.SortingTest
2020-02-16 17:52:07 INFO  Class:46 - Test failed
2020-02-16 17:52:08 INFO  Class:24 - Finished

2020-02-16 17:52:08 INFO  Class:133 - Driver close
2020-02-16 19:45:03 INFO  Class:30 - Start

2020-02-16 19:45:03 INFO  Class:60 - Test Start-tests.AddToCartScenario
2020-02-16 19:45:04 INFO  Class:24 - Finished

2020-02-16 19:47:02 INFO  Class:30 - Start

2020-02-16 19:47:03 INFO  Class:60 - Test Start-tests.AddToCartScenario
2020-02-16 19:47:03 INFO  Class:24 - Finished

2020-02-16 20:04:35 INFO  Class:30 - Start

2020-02-16 20:04:36 INFO  Class:60 - Test Start-tests.AddToCartScenario
2020-02-16 20:04:37 INFO  Class:24 - Finished

2020-02-16 20:06:13 INFO  Class:30 - Start

2020-02-16 20:06:13 INFO  Class:60 - Test Start-tests.AddToCartScenario
2020-02-16 20:06:14 INFO  Class:24 - Finished

2020-02-16 20:07:32 INFO  Class:30 - Start

2020-02-16 20:07:53 INFO  Class:60 - Test Start-tests.AddToCartScenario
2020-02-16 20:07:53 INFO  Class:24 - Finished

2020-02-16 20:12:29 INFO  Class:30 - Start

2020-02-16 20:12:32 INFO  Class:60 - Test Start-tests.AddToCartScenario
2020-02-16 20:12:37 INFO  BasePage:372 - ---------------<Popup kapat > butonuna tıklandı.---------------
2020-02-16 20:12:38 INFO  BasePage:372 - ---------------<Hesabım> butonuna tıklandı.---------------
2020-02-16 20:12:42 INFO  BasePage:372 - ---------------Giriş yapa tıklandı.---------------
2020-02-16 20:14:43 INFO  Class:30 - Start

2020-02-16 20:14:45 INFO  Class:60 - Test Start-tests.AddToCartScenario
2020-02-16 20:14:51 INFO  BasePage:372 - ---------------<Popup kapat > butonuna tıklandı.---------------
2020-02-16 20:14:52 INFO  BasePage:372 - ---------------<Hesabım> butonuna tıklandı.---------------
2020-02-16 20:14:55 INFO  BasePage:372 - ---------------Giriş yapa tıklandı.---------------
2020-02-16 20:14:58 INFO  BasePage:372 - ---------------<Popup kapat > butonuna tıklandı.---------------
2020-02-16 20:15:06 INFO  Class:24 - Finished

2020-02-16 20:15:06 INFO  Class:85 - Driver close
2020-02-16 20:20:39 INFO  Class:30 - Start

2020-02-16 20:20:41 INFO  Class:60 - Test Start-tests.AddToCartScenario
2020-02-16 20:20:46 INFO  BasePage:372 - ---------------<Popup kapat > butonuna tıklandı.---------------
2020-02-16 20:20:47 INFO  BasePage:372 - ---------------<Hesabım> butonuna tıklandı.---------------
2020-02-16 20:20:51 INFO  BasePage:372 - ---------------Giriş yapa tıklandı.---------------
2020-02-16 20:21:14 INFO  Class:24 - Finished

2020-02-16 20:21:14 INFO  Class:85 - Driver close
2020-02-16 20:21:53 INFO  Class:30 - Start

2020-02-16 20:21:55 INFO  Class:60 - Test Start-tests.AddToCartScenario
2020-02-16 20:22:05 INFO  BasePage:372 - ---------------<Popup kapat > butonuna tıklandı.---------------
2020-02-16 20:22:06 INFO  BasePage:372 - ---------------<Hesabım> butonuna tıklandı.---------------
2020-02-16 20:22:09 INFO  BasePage:372 - ---------------Giriş yapa tıklandı.---------------
2020-02-16 20:22:30 INFO  Class:24 - Finished

2020-02-16 20:22:30 INFO  Class:85 - Driver close
2020-02-16 20:26:42 INFO  Class:30 - Start

2020-02-16 20:26:45 INFO  Class:60 - Test Start-tests.AddToCartScenario
2020-02-16 20:26:51 INFO  BasePage:372 - ---------------<Popup kapat > butonuna tıklandı.---------------
2020-02-16 20:26:52 INFO  BasePage:372 - ---------------<Hesabım> butonuna tıklandı.---------------
2020-02-16 20:26:56 INFO  BasePage:372 - ---------------Giriş yapa tıklandı.---------------
2020-02-16 20:26:59 INFO  BasePage:372 - ---------------<Popup kapat > butonuna tıklandı.---------------
2020-02-16 20:27:07 INFO  Class:24 - Finished

2020-02-16 20:27:07 INFO  Class:85 - Driver close
2020-02-16 20:28:51 INFO  Class:30 - Start

2020-02-16 20:28:53 INFO  Class:60 - Test Start-tests.AddToCartScenario
2020-02-16 20:28:59 INFO  BasePage:372 - ---------------<Popup kapat > butonuna tıklandı.---------------
2020-02-16 20:29:00 INFO  BasePage:372 - ---------------<Hesabım> butonuna tıklandı.---------------
2020-02-16 20:29:04 INFO  BasePage:372 - ---------------Giriş yapa tıklandı.---------------
2020-02-16 20:29:07 INFO  BasePage:372 - ---------------<Popup kapat > butonuna tıklandı.---------------
2020-02-16 20:29:17 INFO  Class:24 - Finished

2020-02-16 20:29:17 INFO  Class:85 - Driver close
2020-02-16 20:30:50 INFO  Class:30 - Start

2020-02-16 20:30:53 INFO  Class:60 - Test Start-tests.AddToCartScenario
2020-02-16 20:31:00 INFO  BasePage:372 - ---------------<Popup kapat > butonuna tıklandı.---------------
2020-02-16 20:31:01 INFO  BasePage:372 - ---------------<Hesabım> butonuna tıklandı.---------------
2020-02-16 20:31:05 INFO  BasePage:372 - ---------------Giriş yapa tıklandı.---------------
2020-02-16 20:31:08 INFO  BasePage:372 - ---------------<Popup kapat > butonuna tıklandı.---------------
2020-02-16 20:31:18 INFO  Class:24 - Finished

2020-02-16 20:31:18 INFO  Class:85 - Driver close
2020-02-16 22:25:57 INFO  Class:30 - Start

2020-02-16 22:25:59 INFO  Class:60 - Test Start-tests.AddToCartScenario
2020-02-16 22:26:05 INFO  BasePage:376 - ---------------<Popup kapat > butonuna tıklandı.---------------
2020-02-16 22:26:06 INFO  BasePage:376 - ---------------<Hesabım> butonuna tıklandı.---------------
2020-02-16 22:26:09 INFO  BasePage:376 - ---------------Giriş yapa tıklandı.---------------
2020-02-16 22:26:27 INFO  BasePage:376 - ---------------<Kadın> butiğine tıklandı.---------------
2020-02-16 22:26:28 INFO  BasePage:376 - ---------------<Erkek> butiğine tıklandı.---------------
2020-02-16 22:26:31 INFO  Class:46 - Test failed
2020-02-16 22:26:31 INFO  Class:24 - Finished

2020-02-16 22:26:31 INFO  Class:85 - Driver close
2020-02-16 22:31:17 INFO  Class:30 - Start

2020-02-16 22:31:20 INFO  Class:60 - Test Start-tests.AddToCartScenario
2020-02-16 22:31:26 INFO  BasePage:376 - ---------------<Popup kapat > butonuna tıklandı.---------------
2020-02-16 22:31:26 INFO  BasePage:376 - ---------------<Hesabım> butonuna tıklandı.---------------
2020-02-16 22:31:30 INFO  BasePage:376 - ---------------Giriş yapa tıklandı.---------------
2020-02-16 22:31:33 INFO  BasePage:376 - ---------------<Popup kapat > butonuna tıklandı.---------------
2020-02-16 22:31:43 INFO  BasePage:376 - ---------------<Kadın> butiğine tıklandı.---------------
2020-02-16 22:31:46 INFO  BasePage:376 - ---------------<Erkek> butiğine tıklandı.---------------
2020-02-16 22:31:49 INFO  Class:46 - Test failed
2020-02-16 22:31:49 INFO  Class:24 - Finished

2020-02-16 22:31:49 INFO  Class:85 - Driver close
2020-02-16 22:44:01 INFO  Class:30 - Start

2020-02-16 22:44:03 INFO  Class:60 - Test Start-tests.AddToCartScenario
2020-02-16 22:44:10 INFO  BasePage:376 - ---------------<Popup kapat > butonuna tıklandı.---------------
2020-02-16 22:44:10 INFO  BasePage:376 - ---------------<Hesabım> butonuna tıklandı.---------------
2020-02-16 22:44:14 INFO  BasePage:376 - ---------------Giriş yapa tıklandı.---------------
2020-02-16 22:44:19 INFO  BasePage:376 - ---------------<Popup kapat > butonuna tıklandı.---------------
2020-02-16 22:44:29 INFO  BasePage:376 - ---------------<Kadın> butiğine tıklandı.---------------
2020-02-16 22:44:32 INFO  BasePage:376 - ---------------<Erkek> butiğine tıklandı.---------------
2020-02-16 22:44:35 INFO  BasePage:376 - ---------------<Çocuk> butiğine tıklandı.---------------
2020-02-16 22:44:40 INFO  BasePage:376 - ---------------<Ayakkabı ve Çanta> butiğine tıklandı.---------------
2020-02-16 22:44:42 INFO  BasePage:376 - ---------------<Saat ve Aksesuar> butiğine tıklandı.---------------
2020-02-16 22:44:45 INFO  BasePage:376 - ---------------<Kozmetik> butiğine tıklandı.---------------
2020-02-16 22:44:49 INFO  BasePage:376 - ---------------<Ev ve Yaşam> butiğine tıklandı.---------------
2020-02-16 22:44:52 INFO  BasePage:376 - ---------------<Elektronik> butiğine tıklandı.---------------
2020-02-16 22:44:55 INFO  BasePage:376 - ---------------<Market> butiğine tıklandı.---------------
2020-02-16 22:44:58 INFO  Class:24 - Finished

2020-02-16 22:44:58 INFO  Class:85 - Driver close
2020-02-17 00:28:01 INFO  Class:30 - Start

2020-02-17 00:28:04 INFO  Class:60 - Test Start-tests.AddToCartScenario
2020-02-17 00:28:18 INFO  BasePage:376 - ---------------<Popup kapat > butonuna tıklandı.---------------
2020-02-17 00:28:19 INFO  BasePage:376 - ---------------<Hesabım> butonuna tıklandı.---------------
2020-02-17 00:28:22 INFO  BasePage:376 - ---------------Giriş yapa tıklandı.---------------
2020-02-17 00:28:26 INFO  BasePage:376 - ---------------<Popup kapat > butonuna tıklandı.---------------
2020-02-17 00:28:35 INFO  BasePage:376 - ---------------<Kadın> butiğine tıklandı.---------------
2020-02-17 00:28:38 INFO  BasePage:376 - ---------------<Erkek> butiğine tıklandı.---------------
2020-02-17 00:28:40 INFO  BasePage:376 - ---------------<Çocuk> butiğine tıklandı.---------------
2020-02-17 00:28:43 INFO  BasePage:376 - ---------------<Ayakkabı ve Çanta> butiğine tıklandı.---------------
2020-02-17 00:28:46 INFO  BasePage:376 - ---------------<Saat ve Aksesuar> butiğine tıklandı.---------------
2020-02-17 00:28:49 INFO  BasePage:376 - ---------------<Kozmetik> butiğine tıklandı.---------------
2020-02-17 00:28:52 INFO  BasePage:376 - ---------------<Ev ve Yaşam> butiğine tıklandı.---------------
2020-02-17 00:28:55 INFO  BasePage:376 - ---------------<Elektronik> butiğine tıklandı.---------------
2020-02-17 00:28:57 INFO  BasePage:376 - ---------------<Market> butiğine tıklandı.---------------
2020-02-17 00:29:00 INFO  BasePage:376 - ---------------<Kadın> butiğine tıklandı.---------------
2020-02-17 00:29:08 INFO  BasePage:376 - ---------------<Kadın> butiği resmine tıklandı.---------------
2020-02-17 00:29:10 INFO  Class:46 - Test failed
2020-02-17 00:29:11 INFO  Class:24 - Finished

2020-02-17 00:29:11 INFO  Class:85 - Driver close
2020-02-17 00:31:36 INFO  Class:30 - Start

2020-02-17 00:31:39 INFO  Class:60 - Test Start-tests.AddToCartScenario
2020-02-17 00:31:49 INFO  BasePage:376 - ---------------<Popup kapat > butonuna tıklandı.---------------
2020-02-17 00:31:49 INFO  BasePage:376 - ---------------<Hesabım> butonuna tıklandı.---------------
2020-02-17 00:31:53 INFO  BasePage:376 - ---------------Giriş yapa tıklandı.---------------
2020-02-17 00:32:12 INFO  BasePage:376 - ---------------<Kadın> butiğine tıklandı.---------------
2020-02-17 00:32:14 INFO  BasePage:376 - ---------------<Erkek> butiğine tıklandı.---------------
2020-02-17 00:32:17 INFO  BasePage:376 - ---------------<Çocuk> butiğine tıklandı.---------------
2020-02-17 00:32:20 INFO  BasePage:376 - ---------------<Ayakkabı ve Çanta> butiğine tıklandı.---------------
2020-02-17 00:32:23 INFO  BasePage:376 - ---------------<Saat ve Aksesuar> butiğine tıklandı.---------------
2020-02-17 00:32:26 INFO  BasePage:376 - ---------------<Kozmetik> butiğine tıklandı.---------------
2020-02-17 00:32:29 INFO  BasePage:376 - ---------------<Ev ve Yaşam> butiğine tıklandı.---------------
2020-02-17 00:32:32 INFO  BasePage:376 - ---------------<Elektronik> butiğine tıklandı.---------------
2020-02-17 00:32:34 INFO  BasePage:376 - ---------------<Market> butiğine tıklandı.---------------
2020-02-17 00:32:37 INFO  BasePage:376 - ---------------<Kadın> butiğine tıklandı.---------------
2020-02-17 00:32:42 INFO  BasePage:376 - ---------------<Kadın> butiği resmine tıklandı.---------------
2020-02-17 00:32:49 INFO  Class:46 - Test failed
2020-02-17 00:32:49 INFO  Class:24 - Finished

2020-02-17 00:32:49 INFO  Class:85 - Driver close
2020-02-17 00:52:08 INFO  Class:30 - Start

2020-02-17 00:52:11 INFO  Class:60 - Test Start-tests.AddToCartScenario
2020-02-17 00:52:17 INFO  BasePage:376 - ---------------<Popup kapat > butonuna tıklandı.---------------
2020-02-17 00:52:17 INFO  BasePage:376 - ---------------<Hesabım> butonuna tıklandı.---------------
2020-02-17 00:52:21 INFO  BasePage:376 - ---------------Giriş yapa tıklandı.---------------
2020-02-17 00:52:24 INFO  BasePage:376 - ---------------<Popup kapat > butonuna tıklandı.---------------
2020-02-17 00:52:33 INFO  BasePage:376 - ---------------<Kadın> butiğine tıklandı.---------------
2020-02-17 00:52:36 INFO  BasePage:376 - ---------------<Erkek> butiğine tıklandı.---------------
2020-02-17 00:52:39 INFO  BasePage:376 - ---------------<Çocuk> butiğine tıklandı.---------------
2020-02-17 00:52:42 INFO  BasePage:376 - ---------------<Ayakkabı ve Çanta> butiğine tıklandı.---------------
2020-02-17 00:52:45 INFO  BasePage:376 - ---------------<Saat ve Aksesuar> butiğine tıklandı.---------------
2020-02-17 00:52:48 INFO  BasePage:376 - ---------------<Kozmetik> butiğine tıklandı.---------------
2020-02-17 00:52:50 INFO  BasePage:376 - ---------------<Ev ve Yaşam> butiğine tıklandı.---------------
2020-02-17 00:52:53 INFO  BasePage:376 - ---------------<Elektronik> butiğine tıklandı.---------------
2020-02-17 00:52:56 INFO  BasePage:376 - ---------------<Market> butiğine tıklandı.---------------
2020-02-17 00:52:59 INFO  BasePage:376 - ---------------<Kadın> butiğine tıklandı.---------------
2020-02-17 00:53:01 INFO  BasePage:376 - ---------------<Kadın> butiği resmine tıklandı.---------------
2020-02-17 00:53:03 INFO  Class:46 - Test failed
2020-02-17 00:53:04 INFO  Class:24 - Finished

2020-02-17 00:53:04 INFO  Class:85 - Driver close
2020-02-17 01:04:46 INFO  Class:30 - Start

2020-02-17 01:04:49 INFO  Class:60 - Test Start-tests.AddToCartScenario
2020-02-17 01:04:59 INFO  BasePage:376 - ---------------<Popup kapat > butonuna tıklandı.---------------
2020-02-17 01:05:03 INFO  Class:46 - Test failed
2020-02-17 01:05:04 INFO  Class:24 - Finished

2020-02-17 01:05:04 INFO  Class:85 - Driver close
2020-02-17 01:18:09 INFO  Class:30 - Start

2020-02-17 01:18:12 INFO  Class:60 - Test Start-tests.AddToCartScenario
2020-02-17 01:18:17 INFO  BasePage:376 - ---------------<Popup kapat > butonuna tıklandı.---------------
2020-02-17 01:18:18 INFO  BasePage:376 - ---------------<Hesabım> butonuna tıklandı.---------------
2020-02-17 01:18:21 INFO  BasePage:376 - ---------------Giriş yapa tıklandı.---------------
2020-02-17 01:18:25 INFO  BasePage:376 - ---------------<Popup kapat > butonuna tıklandı.---------------
2020-02-17 01:18:34 INFO  BasePage:376 - ---------------<Kadın> butiğine tıklandı.---------------
2020-02-17 01:18:37 INFO  BasePage:376 - ---------------<Erkek> butiğine tıklandı.---------------
2020-02-17 01:18:40 INFO  BasePage:376 - ---------------<Çocuk> butiğine tıklandı.---------------
2020-02-17 01:18:43 INFO  BasePage:376 - ---------------<Ayakkabı ve Çanta> butiğine tıklandı.---------------
2020-02-17 01:18:46 INFO  BasePage:376 - ---------------<Saat ve Aksesuar> butiğine tıklandı.---------------
2020-02-17 01:18:49 INFO  BasePage:376 - ---------------<Kozmetik> butiğine tıklandı.---------------
2020-02-17 01:18:52 INFO  BasePage:376 - ---------------<Ev ve Yaşam> butiğine tıklandı.---------------
2020-02-17 01:18:54 INFO  BasePage:376 - ---------------<Elektronik> butiğine tıklandı.---------------
2020-02-17 01:18:57 INFO  BasePage:376 - ---------------<Market> butiğine tıklandı.---------------
2020-02-17 01:19:00 INFO  BasePage:376 - ---------------<Kadın> butiğine tıklandı.---------------
2020-02-17 01:19:02 INFO  BasePage:376 - ---------------<Kadın> butiği resmine tıklandı.---------------
2020-02-17 01:19:05 INFO  Class:46 - Test failed
2020-02-17 01:19:05 INFO  Class:24 - Finished

2020-02-17 01:19:05 INFO  Class:85 - Driver close
2020-02-17 01:19:57 INFO  Class:30 - Start

2020-02-17 01:19:59 INFO  Class:60 - Test Start-tests.AddToCartScenario
2020-02-17 01:20:05 INFO  BasePage:376 - ---------------<Popup kapat > butonuna tıklandı.---------------
2020-02-17 01:20:05 INFO  BasePage:376 - ---------------<Hesabım> butonuna tıklandı.---------------
2020-02-17 01:20:09 INFO  BasePage:376 - ---------------Giriş yapa tıklandı.---------------
2020-02-17 01:20:12 INFO  BasePage:376 - ---------------<Popup kapat > butonuna tıklandı.---------------
2020-02-17 01:20:21 INFO  BasePage:376 - ---------------<Kadın> butiğine tıklandı.---------------
2020-02-17 01:20:24 INFO  BasePage:376 - ---------------<Erkek> butiğine tıklandı.---------------
2020-02-17 01:20:27 INFO  BasePage:376 - ---------------<Çocuk> butiğine tıklandı.---------------
2020-02-17 01:20:30 INFO  BasePage:376 - ---------------<Ayakkabı ve Çanta> butiğine tıklandı.---------------
2020-02-17 01:20:33 INFO  BasePage:376 - ---------------<Saat ve Aksesuar> butiğine tıklandı.---------------
2020-02-17 01:20:36 INFO  BasePage:376 - ---------------<Kozmetik> butiğine tıklandı.---------------
2020-02-17 01:20:39 INFO  BasePage:376 - ---------------<Ev ve Yaşam> butiğine tıklandı.---------------
2020-02-17 01:20:42 INFO  BasePage:376 - ---------------<Elektronik> butiğine tıklandı.---------------
2020-02-17 01:20:44 INFO  BasePage:376 - ---------------<Market> butiğine tıklandı.---------------
2020-02-17 01:20:47 INFO  BasePage:376 - ---------------<Kadın> butiğine tıklandı.---------------
2020-02-17 01:20:51 INFO  BasePage:376 - ---------------<Kadın> butiği resmine tıklandı.---------------
2020-02-17 01:20:54 INFO  Class:46 - Test failed
2020-02-17 01:20:54 INFO  Class:24 - Finished

2020-02-17 01:20:54 INFO  Class:85 - Driver close
2020-02-17 01:21:19 INFO  Class:30 - Start

2020-02-17 01:21:21 INFO  Class:60 - Test Start-tests.AddToCartScenario
2020-02-17 01:21:31 INFO  BasePage:376 - ---------------<Popup kapat > butonuna tıklandı.---------------
2020-02-17 01:21:31 INFO  BasePage:376 - ---------------<Hesabım> butonuna tıklandı.---------------
2020-02-17 01:21:35 INFO  BasePage:376 - ---------------Giriş yapa tıklandı.---------------
2020-02-17 01:21:53 INFO  BasePage:376 - ---------------<Kadın> butiğine tıklandı.---------------
2020-02-17 01:21:56 INFO  BasePage:376 - ---------------<Erkek> butiğine tıklandı.---------------
2020-02-17 01:21:59 INFO  BasePage:376 - ---------------<Çocuk> butiğine tıklandı.---------------
2020-02-17 01:22:02 INFO  BasePage:376 - ---------------<Ayakkabı ve Çanta> butiğine tıklandı.---------------
2020-02-17 01:22:05 INFO  BasePage:376 - ---------------<Saat ve Aksesuar> butiğine tıklandı.---------------
2020-02-17 01:22:08 INFO  BasePage:376 - ---------------<Kozmetik> butiğine tıklandı.---------------
2020-02-17 01:22:11 INFO  BasePage:376 - ---------------<Ev ve Yaşam> butiğine tıklandı.---------------
2020-02-17 01:22:13 INFO  BasePage:376 - ---------------<Elektronik> butiğine tıklandı.---------------
2020-02-17 01:22:16 INFO  BasePage:376 - ---------------<Market> butiğine tıklandı.---------------
2020-02-17 01:22:19 INFO  BasePage:376 - ---------------<Kadın> butiğine tıklandı.---------------
2020-02-17 01:22:21 INFO  BasePage:376 - ---------------<Kadın> butiği resmine tıklandı.---------------
2020-02-17 01:22:26 INFO  BasePage:376 - ---------------Ürüne tıklandı.---------------
2020-02-17 01:22:34 INFO  Class:46 - Test failed
2020-02-17 01:22:35 INFO  Class:24 - Finished

2020-02-17 01:22:35 INFO  Class:85 - Driver close
2020-02-17 01:24:07 INFO  Class:30 - Start

2020-02-17 01:24:10 INFO  Class:60 - Test Start-tests.AddToCartScenario
2020-02-17 01:24:16 INFO  BasePage:376 - ---------------<Popup kapat > butonuna tıklandı.---------------
2020-02-17 01:24:16 INFO  BasePage:376 - ---------------<Hesabım> butonuna tıklandı.---------------
2020-02-17 01:24:20 INFO  BasePage:376 - ---------------Giriş yapa tıklandı.---------------
2020-02-17 01:24:24 INFO  BasePage:376 - ---------------<Popup kapat > butonuna tıklandı.---------------
2020-02-17 01:24:33 INFO  BasePage:376 - ---------------<Kadın> butiğine tıklandı.---------------
2020-02-17 01:24:36 INFO  BasePage:376 - ---------------<Erkek> butiğine tıklandı.---------------
2020-02-17 01:24:39 INFO  BasePage:376 - ---------------<Çocuk> butiğine tıklandı.---------------
2020-02-17 01:24:42 INFO  BasePage:376 - ---------------<Ayakkabı ve Çanta> butiğine tıklandı.---------------
2020-02-17 01:24:45 INFO  BasePage:376 - ---------------<Saat ve Aksesuar> butiğine tıklandı.---------------
2020-02-17 01:24:48 INFO  BasePage:376 - ---------------<Kozmetik> butiğine tıklandı.---------------
2020-02-17 01:24:51 INFO  BasePage:376 - ---------------<Ev ve Yaşam> butiğine tıklandı.---------------
2020-02-17 01:24:53 INFO  BasePage:376 - ---------------<Elektronik> butiğine tıklandı.---------------
2020-02-17 01:24:56 INFO  BasePage:376 - ---------------<Market> butiğine tıklandı.---------------
2020-02-17 01:24:59 INFO  BasePage:376 - ---------------<Kadın> butiğine tıklandı.---------------
2020-02-17 01:25:01 INFO  BasePage:376 - ---------------<Kadın> butiği resmine tıklandı.---------------
2020-02-17 01:25:04 INFO  BasePage:376 - ---------------Ürüne tıklandı.---------------
2020-02-17 01:25:12 INFO  Class:46 - Test failed
2020-02-17 01:25:13 INFO  Class:24 - Finished

2020-02-17 01:25:13 INFO  Class:85 - Driver close
2020-02-17 01:31:56 INFO  Class:30 - Start

2020-02-17 01:31:59 INFO  Class:60 - Test Start-tests.AddToCartScenario
2020-02-17 01:32:04 INFO  BasePage:376 - ---------------<Popup kapat > butonuna tıklandı.---------------
2020-02-17 01:32:04 INFO  BasePage:376 - ---------------<Hesabım> butonuna tıklandı.---------------
2020-02-17 01:32:08 INFO  BasePage:376 - ---------------Giriş yapa tıklandı.---------------
2020-02-17 01:32:28 INFO  BasePage:376 - ---------------<Kadın> butiğine tıklandı.---------------
2020-02-17 01:32:31 INFO  BasePage:376 - ---------------<Erkek> butiğine tıklandı.---------------
2020-02-17 01:32:33 INFO  BasePage:376 - ---------------<Çocuk> butiğine tıklandı.---------------
2020-02-17 01:32:36 INFO  BasePage:376 - ---------------<Ayakkabı ve Çanta> butiğine tıklandı.---------------
2020-02-17 01:32:39 INFO  BasePage:376 - ---------------<Saat ve Aksesuar> butiğine tıklandı.---------------
2020-02-17 01:32:42 INFO  BasePage:376 - ---------------<Kozmetik> butiğine tıklandı.---------------
2020-02-17 01:32:45 INFO  BasePage:376 - ---------------<Ev ve Yaşam> butiğine tıklandı.---------------
2020-02-17 01:32:47 INFO  BasePage:376 - ---------------<Elektronik> butiğine tıklandı.---------------
2020-02-17 01:32:50 INFO  BasePage:376 - ---------------<Market> butiğine tıklandı.---------------
2020-02-17 01:32:53 INFO  BasePage:376 - ---------------<Kadın> butiğine tıklandı.---------------
2020-02-17 01:32:55 INFO  BasePage:376 - ---------------<Kadın> butiği resmine tıklandı.---------------
2020-02-17 01:32:57 INFO  BasePage:376 - ---------------Ürüne tıklandı.---------------
2020-02-17 01:33:06 INFO  Class:46 - Test failed
2020-02-17 01:33:06 INFO  Class:24 - Finished

2020-02-17 01:33:06 INFO  Class:85 - Driver close
2020-02-17 01:36:55 INFO  Class:30 - Start

2020-02-17 01:36:57 INFO  Class:60 - Test Start-tests.AddToCartScenario
2020-02-17 01:37:03 INFO  BasePage:376 - ---------------<Popup kapat > butonuna tıklandı.---------------
2020-02-17 01:37:03 INFO  BasePage:376 - ---------------<Hesabım> butonuna tıklandı.---------------
2020-02-17 01:37:07 INFO  BasePage:376 - ---------------Giriş yapa tıklandı.---------------
2020-02-17 01:37:26 INFO  BasePage:376 - ---------------<Kadın> butiğine tıklandı.---------------
2020-02-17 01:37:29 INFO  BasePage:376 - ---------------<Erkek> butiğine tıklandı.---------------
2020-02-17 01:37:31 INFO  BasePage:376 - ---------------<Çocuk> butiğine tıklandı.---------------
2020-02-17 01:37:34 INFO  BasePage:376 - ---------------<Ayakkabı ve Çanta> butiğine tıklandı.---------------
2020-02-17 01:37:37 INFO  BasePage:376 - ---------------<Saat ve Aksesuar> butiğine tıklandı.---------------
2020-02-17 01:37:40 INFO  BasePage:376 - ---------------<Kozmetik> butiğine tıklandı.---------------
2020-02-17 01:37:43 INFO  BasePage:376 - ---------------<Ev ve Yaşam> butiğine tıklandı.---------------
2020-02-17 01:37:46 INFO  BasePage:376 - ---------------<Elektronik> butiğine tıklandı.---------------
2020-02-17 01:37:49 INFO  BasePage:376 - ---------------<Market> butiğine tıklandı.---------------
2020-02-17 01:37:51 INFO  BasePage:376 - ---------------<Kadın> butiğine tıklandı.---------------
2020-02-17 01:37:53 INFO  BasePage:376 - ---------------<Kadın> butiği resmine tıklandı.---------------
2020-02-17 01:37:56 INFO  BasePage:376 - ---------------Ürüne tıklandı.---------------
2020-02-17 01:38:03 INFO  Class:46 - Test failed
2020-02-17 01:38:04 INFO  Class:24 - Finished

2020-02-17 01:38:04 INFO  Class:85 - Driver close
2020-02-17 01:39:11 INFO  Class:30 - Start

2020-02-17 01:39:13 INFO  Class:60 - Test Start-tests.AddToCartScenario
2020-02-17 01:39:18 INFO  BasePage:376 - ---------------<Popup kapat > butonuna tıklandı.---------------
2020-02-17 01:39:19 INFO  BasePage:376 - ---------------<Hesabım> butonuna tıklandı.---------------
2020-02-17 01:39:23 INFO  BasePage:376 - ---------------Giriş yapa tıklandı.---------------
2020-02-17 01:39:26 INFO  BasePage:376 - ---------------<Popup kapat > butonuna tıklandı.---------------
2020-02-17 01:39:35 INFO  BasePage:376 - ---------------<Kadın> butiğine tıklandı.---------------
2020-02-17 01:39:38 INFO  BasePage:376 - ---------------<Erkek> butiğine tıklandı.---------------
2020-02-17 01:39:41 INFO  BasePage:376 - ---------------<Çocuk> butiğine tıklandı.---------------
2020-02-17 01:39:44 INFO  BasePage:376 - ---------------<Ayakkabı ve Çanta> butiğine tıklandı.---------------
2020-02-17 01:39:47 INFO  BasePage:376 - ---------------<Saat ve Aksesuar> butiğine tıklandı.---------------
2020-02-17 01:39:49 INFO  BasePage:376 - ---------------<Kozmetik> butiğine tıklandı.---------------
2020-02-17 01:39:52 INFO  BasePage:376 - ---------------<Ev ve Yaşam> butiğine tıklandı.---------------
2020-02-17 01:39:55 INFO  BasePage:376 - ---------------<Elektronik> butiğine tıklandı.---------------
2020-02-17 01:39:58 INFO  BasePage:376 - ---------------<Market> butiğine tıklandı.---------------
2020-02-17 01:40:00 INFO  BasePage:376 - ---------------<Kadın> butiğine tıklandı.---------------
2020-02-17 01:40:02 INFO  BasePage:376 - ---------------<Kadın> butiği resmine tıklandı.---------------
2020-02-17 01:40:05 INFO  BasePage:376 - ---------------Ürüne tıklandı.---------------
2020-02-17 01:40:05 INFO  BasePage:376 - ---------------<Sepete ekle> butonuna tıklandı.---------------
2020-02-17 01:40:06 INFO  BasePage:376 - ---------------Numara seçmeye tıklandı.---------------
2020-02-17 01:40:09 INFO  BasePage:376 - ---------------<Sepete ekle> butonuna tıklandı.---------------
2020-02-17 01:40:12 INFO  Class:24 - Finished

2020-02-17 01:40:12 INFO  Class:85 - Driver close
2020-02-17 01:41:11 INFO  Class:30 - Start

2020-02-17 01:41:13 INFO  Class:60 - Test Start-tests.AddToCartScenario
2020-02-17 01:41:19 INFO  BasePage:376 - ---------------<Popup kapat > butonuna tıklandı.---------------
2020-02-17 01:41:19 INFO  BasePage:376 - ---------------<Hesabım> butonuna tıklandı.---------------
2020-02-17 01:41:23 INFO  BasePage:376 - ---------------Giriş yapa tıklandı.---------------
2020-02-17 01:41:42 INFO  BasePage:376 - ---------------<Kadın> butiğine tıklandı.---------------
2020-02-17 01:41:45 INFO  BasePage:376 - ---------------<Erkek> butiğine tıklandı.---------------
2020-02-17 01:41:48 INFO  BasePage:376 - ---------------<Çocuk> butiğine tıklandı.---------------
2020-02-17 01:41:51 INFO  BasePage:376 - ---------------<Ayakkabı ve Çanta> butiğine tıklandı.---------------
2020-02-17 01:41:53 INFO  BasePage:376 - ---------------<Saat ve Aksesuar> butiğine tıklandı.---------------
2020-02-17 01:41:56 INFO  BasePage:376 - ---------------<Kozmetik> butiğine tıklandı.---------------
2020-02-17 01:41:59 INFO  BasePage:376 - ---------------<Ev ve Yaşam> butiğine tıklandı.---------------
2020-02-17 01:42:02 INFO  BasePage:376 - ---------------<Elektronik> butiğine tıklandı.---------------
2020-02-17 01:42:05 INFO  BasePage:376 - ---------------<Market> butiğine tıklandı.---------------
2020-02-17 01:42:07 INFO  BasePage:376 - ---------------<Kadın> butiğine tıklandı.---------------
2020-02-17 01:42:10 INFO  BasePage:376 - ---------------<Kadın> butiği resmine tıklandı.---------------
2020-02-17 01:42:13 INFO  BasePage:376 - ---------------Ürüne tıklandı.---------------
2020-02-17 01:42:13 INFO  BasePage:376 - ---------------<Sepete ekle> butonuna tıklandı.---------------
2020-02-17 01:42:14 INFO  BasePage:376 - ---------------Numara seçmeye tıklandı.---------------
2020-02-17 01:42:18 INFO  BasePage:376 - ---------------<Sepete ekle> butonuna tıklandı.---------------
2020-02-17 01:42:20 INFO  Class:24 - Finished

2020-02-17 01:42:20 INFO  Class:85 - Driver close
2020-02-17 01:43:04 INFO  Class:30 - Start

2020-02-17 01:43:07 INFO  Class:60 - Test Start-tests.AddToCartScenario
2020-02-17 01:43:13 INFO  BasePage:376 - ---------------<Popup kapat > butonuna tıklandı.---------------
2020-02-17 01:43:13 INFO  BasePage:376 - ---------------<Hesabım> butonuna tıklandı.---------------
2020-02-17 01:43:17 INFO  BasePage:376 - ---------------Giriş yapa tıklandı.---------------
2020-02-17 01:43:20 INFO  BasePage:376 - ---------------<Popup kapat > butonuna tıklandı.---------------
2020-02-17 01:43:29 INFO  BasePage:376 - ---------------<Kadın> butiğine tıklandı.---------------
2020-02-17 01:43:32 INFO  BasePage:376 - ---------------<Erkek> butiğine tıklandı.---------------
2020-02-17 01:43:35 INFO  BasePage:376 - ---------------<Çocuk> butiğine tıklandı.---------------
2020-02-17 01:43:38 INFO  BasePage:376 - ---------------<Ayakkabı ve Çanta> butiğine tıklandı.---------------
2020-02-17 01:43:40 INFO  BasePage:376 - ---------------<Saat ve Aksesuar> butiğine tıklandı.---------------
2020-02-17 01:43:43 INFO  BasePage:376 - ---------------<Kozmetik> butiğine tıklandı.---------------
2020-02-17 01:43:46 INFO  BasePage:376 - ---------------<Ev ve Yaşam> butiğine tıklandı.---------------
2020-02-17 01:43:49 INFO  BasePage:376 - ---------------<Elektronik> butiğine tıklandı.---------------
2020-02-17 01:43:52 INFO  BasePage:376 - ---------------<Market> butiğine tıklandı.---------------
2020-02-17 01:43:54 INFO  BasePage:376 - ---------------<Kadın> butiğine tıklandı.---------------
2020-02-17 01:43:56 INFO  BasePage:376 - ---------------<Kadın> butiği resmine tıklandı.---------------
2020-02-17 01:43:59 INFO  BasePage:376 - ---------------Ürüne tıklandı.---------------
2020-02-17 01:44:00 INFO  BasePage:376 - ---------------<Sepete ekle> butonuna tıklandı.---------------
2020-02-17 01:44:00 INFO  BasePage:376 - ---------------Numara seçmeye tıklandı.---------------
2020-02-17 01:44:03 INFO  Class:24 - Finished

2020-02-17 01:44:03 INFO  Class:85 - Driver close
2020-02-17 02:06:04 INFO  Class:30 - Start

2020-02-17 02:06:06 INFO  Class:60 - Test Start-tests.AddToCartScenario
2020-02-17 02:06:11 INFO  BasePage:376 - ---------------<Popup kapat > butonuna tıklandı.---------------
2020-02-17 02:06:11 INFO  BasePage:376 - ---------------<Hesabım> butonuna tıklandı.---------------
2020-02-17 02:06:15 INFO  BasePage:376 - ---------------Giriş yapa tıklandı.---------------
2020-02-17 02:06:18 INFO  BasePage:376 - ---------------<Popup kapat > butonuna tıklandı.---------------
2020-02-17 02:06:28 INFO  BasePage:376 - ---------------<Kadın> butiğine tıklandı.---------------
2020-02-17 02:06:30 INFO  BasePage:376 - ---------------<Erkek> butiğine tıklandı.---------------
2020-02-17 02:06:33 INFO  BasePage:376 - ---------------<Çocuk> butiğine tıklandı.---------------
2020-02-17 02:06:36 INFO  BasePage:376 - ---------------<Ayakkabı ve Çanta> butiğine tıklandı.---------------
2020-02-17 02:06:39 INFO  BasePage:376 - ---------------<Saat ve Aksesuar> butiğine tıklandı.---------------
2020-02-17 02:06:41 INFO  BasePage:376 - ---------------<Kozmetik> butiğine tıklandı.---------------
2020-02-17 02:06:44 INFO  BasePage:376 - ---------------<Ev ve Yaşam> butiğine tıklandı.---------------
2020-02-17 02:06:47 INFO  BasePage:376 - ---------------<Elektronik> butiğine tıklandı.---------------
2020-02-17 02:06:52 INFO  BasePage:376 - ---------------<Market> butiğine tıklandı.---------------
2020-02-17 02:06:55 INFO  BasePage:376 - ---------------<Kadın> butiğine tıklandı.---------------
2020-02-17 02:06:57 INFO  BasePage:376 - ---------------<Kadın> butiği resmine tıklandı.---------------
2020-02-17 02:06:59 INFO  BasePage:376 - ---------------Ürüne tıklandı.---------------
2020-02-17 02:07:01 INFO  BasePage:376 - ---------------<Sepete ekle> butonuna tıklandı.---------------
2020-02-17 02:07:01 INFO  BasePage:376 - ---------------Numara seçmeye tıklandı.---------------
2020-02-17 02:07:05 INFO  Class:46 - Test failed
2020-02-17 02:07:05 INFO  Class:24 - Finished

2020-02-17 02:07:05 INFO  Class:85 - Driver close
2020-02-17 02:08:20 INFO  Class:30 - Start

2020-02-17 02:08:23 INFO  Class:60 - Test Start-tests.AddToCartScenario
2020-02-17 02:08:27 INFO  BasePage:376 - ---------------<Popup kapat > butonuna tıklandı.---------------
2020-02-17 02:08:28 INFO  BasePage:376 - ---------------<Hesabım> butonuna tıklandı.---------------
2020-02-17 02:08:32 INFO  BasePage:376 - ---------------Giriş yapa tıklandı.---------------
2020-02-17 02:08:50 INFO  BasePage:376 - ---------------<Kadın> butiğine tıklandı.---------------
2020-02-17 02:08:53 INFO  BasePage:376 - ---------------<Erkek> butiğine tıklandı.---------------
2020-02-17 02:08:56 INFO  BasePage:376 - ---------------<Çocuk> butiğine tıklandı.---------------
2020-02-17 02:08:59 INFO  BasePage:376 - ---------------<Ayakkabı ve Çanta> butiğine tıklandı.---------------
2020-02-17 02:09:02 INFO  BasePage:376 - ---------------<Saat ve Aksesuar> butiğine tıklandı.---------------
2020-02-17 02:09:04 INFO  BasePage:376 - ---------------<Kozmetik> butiğine tıklandı.---------------
2020-02-17 02:09:08 INFO  BasePage:376 - ---------------<Ev ve Yaşam> butiğine tıklandı.---------------
2020-02-17 02:09:10 INFO  BasePage:376 - ---------------<Elektronik> butiğine tıklandı.---------------
2020-02-17 02:09:13 INFO  BasePage:376 - ---------------<Market> butiğine tıklandı.---------------
2020-02-17 02:09:16 INFO  BasePage:376 - ---------------<Kadın> butiğine tıklandı.---------------
2020-02-17 02:09:18 INFO  BasePage:376 - ---------------<Kadın> butiği resmine tıklandı.---------------
2020-02-17 02:09:21 INFO  BasePage:376 - ---------------Ürüne tıklandı.---------------
2020-02-17 02:09:22 INFO  BasePage:376 - ---------------<Sepete ekle> butonuna tıklandı.---------------
2020-02-17 02:09:22 INFO  BasePage:376 - ---------------Numara seçmeye tıklandı.---------------
2020-02-17 02:09:27 INFO  BasePage:376 - ---------------<Sepet> e tıklandı---------------
2020-02-17 02:09:28 INFO  BasePage:376 - ---------------<Sepet> e tıklandı---------------
2020-02-17 02:09:30 INFO  Class:46 - Test failed
2020-02-17 02:09:30 INFO  Class:24 - Finished

2020-02-17 02:09:30 INFO  Class:85 - Driver close
2020-02-17 02:23:06 INFO  Class:30 - Start

2020-02-17 02:23:09 INFO  Class:60 - Test Start-tests.AddToCartScenario
2020-02-17 02:23:13 INFO  BasePage:376 - ---------------<Popup kapat > butonuna tıklandı.---------------
2020-02-17 02:23:14 INFO  BasePage:376 - ---------------<Hesabım> butonuna tıklandı.---------------
2020-02-17 02:23:18 INFO  BasePage:376 - ---------------Giriş yapa tıklandı.---------------
2020-02-17 02:23:36 INFO  BasePage:376 - ---------------<Kadın> butiğine tıklandı.---------------
2020-02-17 02:23:39 INFO  BasePage:376 - ---------------<Erkek> butiğine tıklandı.---------------
2020-02-17 02:23:42 INFO  BasePage:376 - ---------------<Çocuk> butiğine tıklandı.---------------
2020-02-17 02:23:45 INFO  BasePage:376 - ---------------<Ayakkabı ve Çanta> butiğine tıklandı.---------------
2020-02-17 02:23:48 INFO  BasePage:376 - ---------------<Saat ve Aksesuar> butiğine tıklandı.---------------
2020-02-17 02:23:51 INFO  BasePage:376 - ---------------<Kozmetik> butiğine tıklandı.---------------
2020-02-17 02:23:54 INFO  BasePage:376 - ---------------<Ev ve Yaşam> butiğine tıklandı.---------------
2020-02-17 02:23:56 INFO  BasePage:376 - ---------------<Elektronik> butiğine tıklandı.---------------
2020-02-17 02:23:59 INFO  BasePage:376 - ---------------<Market> butiğine tıklandı.---------------
2020-02-17 02:24:02 INFO  BasePage:376 - ---------------<Kadın> butiğine tıklandı.---------------
2020-02-17 02:24:04 INFO  BasePage:376 - ---------------<Kadın> butiği resmine tıklandı.---------------
2020-02-17 02:24:07 INFO  BasePage:376 - ---------------Ürüne tıklandı.---------------
2020-02-17 02:24:08 INFO  BasePage:376 - ---------------<Sepete ekle> butonuna tıklandı.---------------
2020-02-17 02:24:08 INFO  BasePage:376 - ---------------Numara seçmeye tıklandı.---------------
2020-02-17 02:24:19 INFO  BasePage:376 - ---------------<Sepet> e tıklandı---------------
2020-02-17 02:24:20 INFO  BasePage:376 - ---------------<Sepet> e tıklandı---------------
2020-02-17 02:24:22 INFO  Class:46 - Test failed
2020-02-17 02:24:22 INFO  Class:24 - Finished

2020-02-17 02:24:22 INFO  Class:85 - Driver close
2020-02-17 02:28:04 INFO  Class:30 - Start

2020-02-17 02:28:07 INFO  Class:60 - Test Start-tests.AddToCartScenario
2020-02-17 02:28:18 INFO  BasePage:376 - ---------------<Popup kapat > butonuna tıklandı.---------------
2020-02-17 02:28:22 INFO  Class:46 - Test failed
2020-02-17 02:28:22 INFO  Class:24 - Finished

2020-02-17 02:28:22 INFO  Class:85 - Driver close
2020-02-17 02:29:23 INFO  Class:30 - Start

2020-02-17 02:29:26 INFO  Class:60 - Test Start-tests.AddToCartScenario
2020-02-17 02:29:31 INFO  BasePage:376 - ---------------<Popup kapat > butonuna tıklandı.---------------
2020-02-17 02:29:32 INFO  BasePage:376 - ---------------<Hesabım> butonuna tıklandı.---------------
2020-02-17 02:29:36 INFO  BasePage:376 - ---------------Giriş yapa tıklandı.---------------
2020-02-17 02:29:41 INFO  BasePage:376 - ---------------<Popup kapat > butonuna tıklandı.---------------
2020-02-17 02:29:50 INFO  BasePage:376 - ---------------<Kadın> butiğine tıklandı.---------------
2020-02-17 02:29:53 INFO  BasePage:376 - ---------------<Erkek> butiğine tıklandı.---------------
2020-02-17 02:29:56 INFO  BasePage:376 - ---------------<Çocuk> butiğine tıklandı.---------------
2020-02-17 02:29:58 INFO  BasePage:376 - ---------------<Ayakkabı ve Çanta> butiğine tıklandı.---------------
2020-02-17 02:30:01 INFO  BasePage:376 - ---------------<Saat ve Aksesuar> butiğine tıklandı.---------------
2020-02-17 02:30:04 INFO  BasePage:376 - ---------------<Kozmetik> butiğine tıklandı.---------------
2020-02-17 02:30:07 INFO  BasePage:376 - ---------------<Ev ve Yaşam> butiğine tıklandı.---------------
2020-02-17 02:30:10 INFO  BasePage:376 - ---------------<Elektronik> butiğine tıklandı.---------------
2020-02-17 02:30:12 INFO  BasePage:376 - ---------------<Market> butiğine tıklandı.---------------
2020-02-17 02:30:18 INFO  BasePage:376 - ---------------<Kadın> butiğine tıklandı.---------------
2020-02-17 02:30:20 INFO  BasePage:376 - ---------------<Kadın> butiği resmine tıklandı.---------------
2020-02-17 02:30:22 INFO  BasePage:376 - ---------------Ürüne tıklandı.---------------
2020-02-17 02:30:31 INFO  Class:46 - Test failed
2020-02-17 02:30:32 INFO  Class:24 - Finished

2020-02-17 02:30:32 INFO  Class:85 - Driver close
2020-02-17 02:31:34 INFO  Class:30 - Start

2020-02-17 02:31:36 INFO  Class:60 - Test Start-tests.AddToCartScenario
2020-02-17 02:33:22 INFO  Class:24 - Finished

2020-02-17 02:33:22 INFO  Class:85 - Driver close
2020-02-17 03:01:47 INFO  Class:30 - Start

2020-02-17 03:01:49 INFO  Class:60 - Test Start-tests.AddToCartScenario
2020-02-17 03:01:54 INFO  BasePage:376 - ---------------<Popup kapat > butonuna tıklandı.---------------
2020-02-17 03:01:54 INFO  BasePage:376 - ---------------<Hesabım> butonuna tıklandı.---------------
2020-02-17 03:01:58 INFO  BasePage:376 - ---------------Giriş yapa tıklandı.---------------
2020-02-17 03:02:01 INFO  BasePage:376 - ---------------<Popup kapat > butonuna tıklandı.---------------
2020-02-17 03:02:10 INFO  BasePage:376 - ---------------<Kadın> butiğine tıklandı.---------------
2020-02-17 03:02:13 INFO  BasePage:376 - ---------------<Erkek> butiğine tıklandı.---------------
2020-02-17 03:02:16 INFO  BasePage:376 - ---------------<Çocuk> butiğine tıklandı.---------------
2020-02-17 03:02:19 INFO  BasePage:376 - ---------------<Ayakkabı ve Çanta> butiğine tıklandı.---------------
2020-02-17 03:02:21 INFO  BasePage:376 - ---------------<Saat ve Aksesuar> butiğine tıklandı.---------------
2020-02-17 03:02:24 INFO  BasePage:376 - ---------------<Kozmetik> butiğine tıklandı.---------------
2020-02-17 03:02:27 INFO  BasePage:376 - ---------------<Ev ve Yaşam> butiğine tıklandı.---------------
2020-02-17 03:02:30 INFO  BasePage:376 - ---------------<Elektronik> butiğine tıklandı.---------------
2020-02-17 03:02:33 INFO  BasePage:376 - ---------------<Market> butiğine tıklandı.---------------
2020-02-17 03:02:35 INFO  BasePage:376 - ---------------<Kadın> butiğine tıklandı.---------------
2020-02-17 03:02:38 INFO  BasePage:376 - ---------------<Kadın> butiği resmine tıklandı.---------------
2020-02-17 03:02:40 INFO  BasePage:376 - ---------------Ürüne tıklandı.---------------
2020-02-17 03:02:50 INFO  Class:46 - Test failed
2020-02-17 03:02:50 INFO  Class:24 - Finished

2020-02-17 03:02:50 INFO  Class:85 - Driver close
2020-02-17 03:06:39 INFO  Class:30 - Start

2020-02-17 03:06:42 INFO  Class:60 - Test Start-tests.AddToCartScenario
2020-02-17 03:06:48 INFO  BasePage:376 - ---------------<Popup kapat > butonuna tıklandı.---------------
2020-02-17 03:06:49 INFO  BasePage:376 - ---------------<Hesabım> butonuna tıklandı.---------------
2020-02-17 03:06:52 INFO  BasePage:376 - ---------------Giriş yapa tıklandı.---------------
2020-02-17 03:06:55 INFO  BasePage:376 - ---------------<Popup kapat > butonuna tıklandı.---------------
2020-02-17 03:07:05 INFO  BasePage:376 - ---------------<Kadın> butiğine tıklandı.---------------
2020-02-17 03:07:08 INFO  BasePage:376 - ---------------<Erkek> butiğine tıklandı.---------------
2020-02-17 03:07:10 INFO  BasePage:376 - ---------------<Çocuk> butiğine tıklandı.---------------
2020-02-17 03:07:13 INFO  BasePage:376 - ---------------<Ayakkabı ve Çanta> butiğine tıklandı.---------------
2020-02-17 03:07:16 INFO  BasePage:376 - ---------------<Saat ve Aksesuar> butiğine tıklandı.---------------
2020-02-17 03:07:19 INFO  BasePage:376 - ---------------<Kozmetik> butiğine tıklandı.---------------
2020-02-17 03:07:22 INFO  BasePage:376 - ---------------<Ev ve Yaşam> butiğine tıklandı.---------------
2020-02-17 03:07:24 INFO  BasePage:376 - ---------------<Elektronik> butiğine tıklandı.---------------
2020-02-17 03:07:27 INFO  BasePage:376 - ---------------<Market> butiğine tıklandı.---------------
2020-02-17 03:07:30 INFO  BasePage:376 - ---------------<Kadın> butiğine tıklandı.---------------
2020-02-17 03:07:32 INFO  BasePage:376 - ---------------<Kadın> butiği resmine tıklandı.---------------
2020-02-17 03:07:35 INFO  BasePage:376 - ---------------Ürüne tıklandı.---------------
2020-02-17 03:07:36 INFO  BasePage:376 - ---------------<Sepete ekle> butonuna tıklandı.---------------
2020-02-17 03:07:36 INFO  BasePage:376 - ---------------Numara seçmeye tıklandı.---------------
2020-02-17 03:07:41 INFO  BasePage:376 - ---------------<Sepet> e tıklandı---------------
2020-02-17 03:07:41 INFO  BasePage:376 - ---------------<Sepet> e tıklandı---------------
2020-02-17 03:07:44 INFO  Class:46 - Test failed
2020-02-17 03:07:44 INFO  Class:24 - Finished

2020-02-17 03:07:44 INFO  Class:85 - Driver close
2020-02-17 03:17:52 INFO  Class:30 - Start

2020-02-17 03:17:54 INFO  Class:60 - Test Start-tests.AddToCartScenario
2020-02-17 03:17:59 INFO  BasePage:284 - ---------------<Popup kapat > butonuna tıklandı.---------------
2020-02-17 03:18:00 INFO  BasePage:284 - ---------------<Hesabım> butonuna tıklandı.---------------
2020-02-17 03:18:03 INFO  BasePage:284 - ---------------Giriş yapa tıklandı.---------------
2020-02-17 03:18:07 INFO  BasePage:284 - ---------------<Popup kapat > butonuna tıklandı.---------------
2020-02-17 03:18:16 INFO  BasePage:284 - ---------------<Kadın> butiğine tıklandı.---------------
2020-02-17 03:18:18 INFO  BasePage:284 - ---------------<Erkek> butiğine tıklandı.---------------
2020-02-17 03:18:21 INFO  BasePage:284 - ---------------<Çocuk> butiğine tıklandı.---------------
2020-02-17 03:18:24 INFO  BasePage:284 - ---------------<Ayakkabı ve Çanta> butiğine tıklandı.---------------
2020-02-17 03:18:27 INFO  BasePage:284 - ---------------<Saat ve Aksesuar> butiğine tıklandı.---------------
2020-02-17 03:18:30 INFO  BasePage:284 - ---------------<Kozmetik> butiğine tıklandı.---------------
2020-02-17 03:18:32 INFO  BasePage:284 - ---------------<Ev ve Yaşam> butiğine tıklandı.---------------
2020-02-17 03:18:35 INFO  BasePage:284 - ---------------<Elektronik> butiğine tıklandı.---------------
2020-02-17 03:18:38 INFO  BasePage:284 - ---------------<Market> butiğine tıklandı.---------------
2020-02-17 03:18:41 INFO  BasePage:284 - ---------------<Kadın> butiğine tıklandı.---------------
2020-02-17 03:18:43 INFO  BasePage:284 - ---------------<Kadın> butiği resmine tıklandı.---------------
2020-02-17 03:18:45 INFO  BasePage:284 - ---------------Ürüne tıklandı.---------------
2020-02-17 03:18:47 INFO  BasePage:284 - ---------------<Sepete ekle> butonuna tıklandı.---------------
2020-02-17 03:18:47 INFO  BasePage:284 - ---------------Numara seçmeye tıklandı.---------------
2020-02-17 03:18:51 INFO  BasePage:284 - ---------------<Sepet> e tıklandı---------------
2020-02-17 03:18:52 INFO  BasePage:284 - ---------------<Sepet> e tıklandı---------------
2020-02-17 03:18:54 INFO  Class:24 - Finished

2020-02-17 03:18:54 INFO  Class:81 - Driver close
